<?xml version="1.0" encoding="UTF-8"?>
<!-- Generated by org.testng.reporters.JUnitXMLReporter -->
<testsuite ignored="0" hostname="DESKTOP-NVEODL2" failures="1" tests="2" name="Test" time="0.115" errors="0" timestamp="2024-06-14T20:30:12 IST">
  <testcase classname="com.tstNGAnnotations.FailCases" name="pen" time="0.033">
    <failure type="java.lang.AssertionError" message="expected [true] but found [false]">
      <![CDATA[java.lang.AssertionError: expected [true] but found [false]
at com.tstNGAnnotations.FailCases.pen(FailCases.java:12)
at java.base/java.util.ArrayList.forEach(ArrayList.java:1597)
... Removed 29 stack frames]]>
    </failure>
  </testcase> <!-- pen -->
  <testcase classname="com.tstNGAnnotations.FailCases" name="pencil" time="0.005"/>
</testsuite> <!-- Test -->
